Added Component: Designator=C1(C0603)
Added Component: Designator=C2(C0603)
Added Component: Designator=C3(C0603)
Added Component: Designator=C4(C0603)
Added Component: Designator=C5(C0603)
Added Component: Designator=C6(C0603)
Added Component: Designator=C7(C0603)
Added Component: Designator=C8(C0603)
Added Component: Designator=C9(C0603)
Added Component: Designator=C10(C0603)
Added Component: Designator=C11(C0603)
Added Component: Designator=C12(C0603)
Added Component: Designator=C13(C0603)
Added Component: Designator=C14(C0603)
Added Component: Designator=C15(C0603)
Added Component: Designator=C16(C0603)
Added Component: Designator=C17(C0603)
Added Component: Designator=C18(C0603)
Added Component: Designator=C19(C0603)
Added Component: Designator=C20(C0603)
Added Component: Designator=C21(C0603)
Added Component: Designator=C22(C0603)
Added Component: Designator=R1(R0603)
Added Component: Designator=R2(R0603)
Added Component: Designator=R3(R0603)
Added Component: Designator=R4(R0603)
Added Component: Designator=R5(R0603)
Added Component: Designator=R6(R0603)
Added Component: Designator=R7(R0603)
Added Component: Designator=R8(R0603)
Added Component: Designator=R9(R0603)
Added Component: Designator=R10(R0603)
Added Component: Designator=R11(R0603)
Added Component: Designator=R12(R0603)
Added Component: Designator=R13(R0603)
Added Component: Designator=U2(ADS129x_QFN)
Added Pin To Net: NetName=AFE_CLKSEL Pin=U2-14
Added Net: Name=AFE_CLKSEL
Added Pin To Net: NetName=AFE_CLK Pin=U2-17
Added Net: Name=AFE_CLK
Added Pin To Net: NetName=AFE_CS Pin=U2-18
Added Net: Name=AFE_CS
Added Pin To Net: NetName=AFE_DIN Pin=U2-19
Added Net: Name=AFE_DIN
Added Pin To Net: NetName=AFE_DOUT Pin=U2-21
Added Net: Name=AFE_DOUT
Added Pin To Net: NetName=AFE_DRDY Pin=U2-22
Added Net: Name=AFE_DRDY
Added Pin To Net: NetName=AFE_GPIO1 Pin=U2-26
Added Net: Name=AFE_GPIO1
Added Pin To Net: NetName=AFE_GPIO2 Pin=U2-25
Added Net: Name=AFE_GPIO2
Added Pin To Net: NetName=AFE_RESET Pin=U2-15
Added Net: Name=AFE_RESET
Added Pin To Net: NetName=AFE_SCLK Pin=U2-20
Added Net: Name=AFE_SCLK
Added Pin To Net: NetName=AFE_START Pin=U2-16
Added Net: Name=AFE_START
Added Pin To Net: NetName=AGND Pin=C2-2
Added Pin To Net: NetName=AGND Pin=C3-1
Added Pin To Net: NetName=AGND Pin=C15-1
Added Pin To Net: NetName=AGND Pin=C16-1
Added Pin To Net: NetName=AGND Pin=C17-1
Added Pin To Net: NetName=AGND Pin=C18-1
Added Pin To Net: NetName=AGND Pin=C19-1
Added Pin To Net: NetName=AGND Pin=C20-1
Added Pin To Net: NetName=AGND Pin=C21-1
Added Pin To Net: NetName=AGND Pin=C22-1
Added Pin To Net: NetName=AGND Pin=R6-2
Added Pin To Net: NetName=AGND Pin=R8-2
Added Pin To Net: NetName=AGND Pin=U2-10
Added Pin To Net: NetName=AGND Pin=U2-13
Added Pin To Net: NetName=AGND Pin=U2-24
Added Net: Name=AGND
Added Pin To Net: NetName=ELEC_LA Pin=C7-1
Added Pin To Net: NetName=ELEC_LA Pin=R2-2
Added Net: Name=ELEC_LA
Added Pin To Net: NetName=ELEC_RA Pin=C6-2
Added Pin To Net: NetName=ELEC_RA Pin=R1-2
Added Net: Name=ELEC_RA
Added Net: Name=GND
Added Pin To Net: NetName=NetC1_1 Pin=C1-1
Added Pin To Net: NetName=NetC1_1 Pin=C2-1
Added Pin To Net: NetName=NetC1_1 Pin=C4-1
Added Pin To Net: NetName=NetC1_1 Pin=R1-1
Added Net: Name=NetC1_1
Added Pin To Net: NetName=NetC1_2 Pin=C1-2
Added Pin To Net: NetName=NetC1_2 Pin=C3-2
Added Pin To Net: NetName=NetC1_2 Pin=C5-1
Added Pin To Net: NetName=NetC1_2 Pin=R2-1
Added Net: Name=NetC1_2
Added Pin To Net: NetName=NetC4_2 Pin=C4-2
Added Pin To Net: NetName=NetC4_2 Pin=R4-2
Added Pin To Net: NetName=NetC4_2 Pin=U2-6
Added Net: Name=NetC4_2
Added Pin To Net: NetName=NetC5_2 Pin=C5-2
Added Pin To Net: NetName=NetC5_2 Pin=R3-2
Added Pin To Net: NetName=NetC5_2 Pin=U2-5
Added Net: Name=NetC5_2
Added Pin To Net: NetName=NetC6_1 Pin=C6-1
Added Pin To Net: NetName=NetC6_1 Pin=C8-2
Added Pin To Net: NetName=NetC6_1 Pin=C10-2
Added Net: Name=NetC6_1
Added Pin To Net: NetName=NetC7_2 Pin=C7-2
Added Pin To Net: NetName=NetC7_2 Pin=C9-2
Added Pin To Net: NetName=NetC7_2 Pin=C11-1
Added Net: Name=NetC7_2
Added Pin To Net: NetName=NetC8_1 Pin=C8-1
Added Pin To Net: NetName=NetC8_1 Pin=R5-1
Added Pin To Net: NetName=NetC8_1 Pin=R6-1
Added Pin To Net: NetName=NetC8_1 Pin=U2-4
Added Net: Name=NetC8_1
Added Pin To Net: NetName=NetC9_1 Pin=C9-1
Added Pin To Net: NetName=NetC9_1 Pin=R7-1
Added Pin To Net: NetName=NetC9_1 Pin=R8-1
Added Pin To Net: NetName=NetC9_1 Pin=U2-3
Added Net: Name=NetC9_1
Added Pin To Net: NetName=NetC10_1 Pin=C10-1
Added Pin To Net: NetName=NetC10_1 Pin=R9-2
Added Net: Name=NetC10_1
Added Pin To Net: NetName=NetC11_2 Pin=C11-2
Added Pin To Net: NetName=NetC11_2 Pin=R10-2
Added Net: Name=NetC11_2
Added Pin To Net: NetName=NetC12_1 Pin=C12-1
Added Pin To Net: NetName=NetC12_1 Pin=R3-1
Added Pin To Net: NetName=NetC12_1 Pin=R4-1
Added Pin To Net: NetName=NetC12_1 Pin=R11-1
Added Pin To Net: NetName=NetC12_1 Pin=R12-1
Added Pin To Net: NetName=NetC12_1 Pin=R13-2
Added Net: Name=NetC12_1
Added Pin To Net: NetName=NetC12_2 Pin=C12-2
Added Pin To Net: NetName=NetC12_2 Pin=R11-2
Added Pin To Net: NetName=NetC12_2 Pin=U2-28
Added Net: Name=NetC12_2
Added Pin To Net: NetName=NetC13_1 Pin=C13-1
Added Pin To Net: NetName=NetC13_1 Pin=U2-2
Added Net: Name=NetC13_1
Added Pin To Net: NetName=NetC13_2 Pin=C13-2
Added Pin To Net: NetName=NetC13_2 Pin=U2-1
Added Net: Name=NetC13_2
Added Pin To Net: NetName=NetC14_1 Pin=C14-1
Added Pin To Net: NetName=NetC14_1 Pin=U2-8
Added Net: Name=NetC14_1
Added Pin To Net: NetName=NetC14_2 Pin=C14-2
Added Pin To Net: NetName=NetC14_2 Pin=U2-7
Added Net: Name=NetC14_2
Added Pin To Net: NetName=NetC19_2 Pin=C19-2
Added Pin To Net: NetName=NetC19_2 Pin=C20-2
Added Pin To Net: NetName=NetC19_2 Pin=U2-9
Added Net: Name=NetC19_2
Added Pin To Net: NetName=NetC21_2 Pin=C21-2
Added Pin To Net: NetName=NetC21_2 Pin=U2-27
Added Net: Name=NetC21_2
Added Pin To Net: NetName=NetC22_2 Pin=C22-2
Added Pin To Net: NetName=NetC22_2 Pin=U2-11
Added Net: Name=NetC22_2
Added Pin To Net: NetName=NetR9_1 Pin=R9-1
Added Pin To Net: NetName=NetR9_1 Pin=U2-31
Added Net: Name=NetR9_1
Added Pin To Net: NetName=NetR10_1 Pin=R10-1
Added Pin To Net: NetName=NetR10_1 Pin=U2-32
Added Net: Name=NetR10_1
Added Pin To Net: NetName=NetR12_2 Pin=R12-2
Added Pin To Net: NetName=NetR12_2 Pin=U2-29
Added Net: Name=NetR12_2
Added Pin To Net: NetName=NetR13_1 Pin=R13-1
Added Pin To Net: NetName=NetR13_1 Pin=U2-30
Added Net: Name=NetR13_1
Added Pin To Net: NetName=VDD_AFE_A Pin=C15-2
Added Pin To Net: NetName=VDD_AFE_A Pin=C16-2
Added Pin To Net: NetName=VDD_AFE_A Pin=R5-2
Added Pin To Net: NetName=VDD_AFE_A Pin=R7-2
Added Pin To Net: NetName=VDD_AFE_A Pin=U2-12
Added Net: Name=VDD_AFE_A
Added Pin To Net: NetName=VDD_AFE_D Pin=C17-2
Added Pin To Net: NetName=VDD_AFE_D Pin=C18-2
Added Pin To Net: NetName=VDD_AFE_D Pin=U2-23
Added Net: Name=VDD_AFE_D
Added Class: Name=U_afe
Added Class: Name=U_core
Added Room: Name=U_afe
Added Room: Name=U_core
